<?xml version="1.0" encoding="UTF-8"?>
<testng-results skipped="0" failed="0" ignored="0" total="1" passed="1">
  <reporter-output>
  </reporter-output>
  <suite name="Default suite" duration-ms="98824" started-at="2020-05-17T06:11:53Z" finished-at="2020-05-17T06:13:31Z">
    <groups>
    </groups>
    <test name="Default test" duration-ms="98824" started-at="2020-05-17T06:11:53Z" finished-at="2020-05-17T06:13:31Z">
      <class name="AutomationPractice.AssignmentDataDrivenTest">
        <test-method status="PASS" signature="initialization()[pri:0, instance:AutomationPractice.AssignmentDataDrivenTest@59f99ea]" name="initialization" is-config="true" duration-ms="24856" started-at="2020-05-17T11:41:53Z" finished-at="2020-05-17T11:42:17Z">
          <reporter-output>
          </reporter-output>
        </test-method> <!-- initialization -->
        <test-method status="PASS" signature="BookingFLow()[pri:0, instance:AutomationPractice.AssignmentDataDrivenTest@59f99ea]" name="BookingFLow" duration-ms="73926" started-at="2020-05-17T11:42:17Z" finished-at="2020-05-17T11:43:31Z">
          <reporter-output>
          </reporter-output>
        </test-method> <!-- BookingFLow -->
      </class> <!-- AutomationPractice.AssignmentDataDrivenTest -->
    </test> <!-- Default test -->
  </suite> <!-- Default suite -->
</testng-results>
